CLAssign.obj : error LNK2005: "bool __cdecl IsLetter(char)" (?IsLetter@@YA_ND@Z) already defined in CAritmeticOperators.obj
CLAssign.obj : error LNK2005: "bool __cdecl IsNumber(char)" (?IsNumber@@YA_ND@Z) already defined in CAritmeticOperators.obj
CLAssign.obj : error LNK2005: "bool __cdecl Is_(char)" (?Is_@@YA_ND@Z) already defined in CAritmeticOperators.obj
CLCloseDimensionOperator.obj : error LNK2005: "bool __cdecl IsLetter(char)" (?IsLetter@@YA_ND@Z) already defined in CAritmeticOperators.obj
CLCloseDimensionOperator.obj : error LNK2005: "bool __cdecl IsNumber(char)" (?IsNumber@@YA_ND@Z) already defined in CAritmeticOperators.obj
CLCloseDimensionOperator.obj : error LNK2005: "bool __cdecl Is_(char)" (?Is_@@YA_ND@Z) already defined in CAritmeticOperators.obj
CLComments.obj : error LNK2005: "bool __cdecl IsLetter(char)" (?IsLetter@@YA_ND@Z) already defined in CAritmeticOperators.obj
CLComments.obj : error LNK2005: "bool __cdecl IsNumber(char)" (?IsNumber@@YA_ND@Z) already defined in CAritmeticOperators.obj
CLComments.obj : error LNK2005: "bool __cdecl Is_(char)" (?Is_@@YA_ND@Z) already defined in CAritmeticOperators.obj
CLConstantAlfanumeric.obj : error LNK2005: "bool __cdecl IsLetter(char)" (?IsLetter@@YA_ND@Z) already defined in CAritmeticOperators.obj
CLConstantAlfanumeric.obj : error LNK2005: "bool __cdecl IsNumber(char)" (?IsNumber@@YA_ND@Z) already defined in CAritmeticOperators.obj
CLConstantAlfanumeric.obj : error LNK2005: "bool __cdecl Is_(char)" (?Is_@@YA_ND@Z) already defined in CAritmeticOperators.obj
CLDelimiters.obj : error LNK2005: "bool __cdecl IsLetter(char)" (?IsLetter@@YA_ND@Z) already defined in CAritmeticOperators.obj
CLDelimiters.obj : error LNK2005: "bool __cdecl IsNumber(char)" (?IsNumber@@YA_ND@Z) already defined in CAritmeticOperators.obj
CLDelimiters.obj : error LNK2005: "bool __cdecl Is_(char)" (?Is_@@YA_ND@Z) already defined in CAritmeticOperators.obj
CLexicalAnalysis.obj : error LNK2005: "bool __cdecl IsLetter(char)" (?IsLetter@@YA_ND@Z) already defined in CAritmeticOperators.obj
CLexicalAnalysis.obj : error LNK2005: "bool __cdecl IsNumber(char)" (?IsNumber@@YA_ND@Z) already defined in CAritmeticOperators.obj
CLexicalAnalysis.obj : error LNK2005: "bool __cdecl Is_(char)" (?Is_@@YA_ND@Z) already defined in CAritmeticOperators.obj
CLGroupOperators.obj : error LNK2005: "bool __cdecl IsLetter(char)" (?IsLetter@@YA_ND@Z) already defined in CAritmeticOperators.obj
CLGroupOperators.obj : error LNK2005: "bool __cdecl IsNumber(char)" (?IsNumber@@YA_ND@Z) already defined in CAritmeticOperators.obj
CLGroupOperators.obj : error LNK2005: "bool __cdecl Is_(char)" (?Is_@@YA_ND@Z) already defined in CAritmeticOperators.obj
CLId.obj : error LNK2005: "bool __cdecl IsLetter(char)" (?IsLetter@@YA_ND@Z) already defined in CAritmeticOperators.obj
CLId.obj : error LNK2005: "bool __cdecl IsNumber(char)" (?IsNumber@@YA_ND@Z) already defined in CAritmeticOperators.obj
CLId.obj : error LNK2005: "bool __cdecl Is_(char)" (?Is_@@YA_ND@Z) already defined in CAritmeticOperators.obj
CLLogicOperators.obj : error LNK2005: "bool __cdecl IsLetter(char)" (?IsLetter@@YA_ND@Z) already defined in CAritmeticOperators.obj
CLLogicOperators.obj : error LNK2005: "bool __cdecl IsNumber(char)" (?IsNumber@@YA_ND@Z) already defined in CAritmeticOperators.obj
CLLogicOperators.obj : error LNK2005: "bool __cdecl Is_(char)" (?Is_@@YA_ND@Z) already defined in CAritmeticOperators.obj
CLNone.obj : error LNK2005: "bool __cdecl IsLetter(char)" (?IsLetter@@YA_ND@Z) already defined in CAritmeticOperators.obj
CLNone.obj : error LNK2005: "bool __cdecl IsNumber(char)" (?IsNumber@@YA_ND@Z) already defined in CAritmeticOperators.obj
CLNone.obj : error LNK2005: "bool __cdecl Is_(char)" (?Is_@@YA_ND@Z) already defined in CAritmeticOperators.obj
CLNumberFloat.obj : error LNK2005: "bool __cdecl IsLetter(char)" (?IsLetter@@YA_ND@Z) already defined in CAritmeticOperators.obj
CLNumberFloat.obj : error LNK2005: "bool __cdecl IsNumber(char)" (?IsNumber@@YA_ND@Z) already defined in CAritmeticOperators.obj
CLNumberFloat.obj : error LNK2005: "bool __cdecl Is_(char)" (?Is_@@YA_ND@Z) already defined in CAritmeticOperators.obj
CLNumberInt.obj : error LNK2005: "bool __cdecl IsLetter(char)" (?IsLetter@@YA_ND@Z) already defined in CAritmeticOperators.obj
CLNumberInt.obj : error LNK2005: "bool __cdecl IsNumber(char)" (?IsNumber@@YA_ND@Z) already defined in CAritmeticOperators.obj
CLNumberInt.obj : error LNK2005: "bool __cdecl Is_(char)" (?Is_@@YA_ND@Z) already defined in CAritmeticOperators.obj
CLOpenDimensionOperator.obj : error LNK2005: "bool __cdecl IsLetter(char)" (?IsLetter@@YA_ND@Z) already defined in CAritmeticOperators.obj
CLOpenDimensionOperator.obj : error LNK2005: "bool __cdecl IsNumber(char)" (?IsNumber@@YA_ND@Z) already defined in CAritmeticOperators.obj
CLOpenDimensionOperator.obj : error LNK2005: "bool __cdecl Is_(char)" (?Is_@@YA_ND@Z) already defined in CAritmeticOperators.obj
CLRelacionalOperators.obj : error LNK2005: "bool __cdecl IsLetter(char)" (?IsLetter@@YA_ND@Z) already defined in CAritmeticOperators.obj
CLRelacionalOperators.obj : error LNK2005: "bool __cdecl IsNumber(char)" (?IsNumber@@YA_ND@Z) already defined in CAritmeticOperators.obj
CLRelacionalOperators.obj : error LNK2005: "bool __cdecl Is_(char)" (?Is_@@YA_ND@Z) already defined in CAritmeticOperators.obj
LINK : fatal error LNK1561: entry point must be defined
